<?xml version="1.0" encoding="UTF-8"?>
<robot generator="Robot 6.0.1 (Python 3.7.0 on win32)" generated="20221225 16:22:25.459" rpa="false" schemaversion="3">
<suite id="s1" name="TC10 upload" source="C:\Users\Asif\Desktop\Practice\Python\Robot 1\TestCases\Tests\TC10_upload.robot">
<test id="s1-t1" name="Upload A File" line="5">
<kw name="Open Browser" library="SeleniumLibrary">
<arg>https://demoqa.com/upload-download</arg>
<arg>chrome</arg>
<doc>Opens a new browser instance to the optional ``url``.</doc>
<msg timestamp="20221225 16:22:25.660" level="INFO">Opening browser 'chrome' to base url 'https://demoqa.com/upload-download'.</msg>
<status status="PASS" starttime="20221225 16:22:25.660" endtime="20221225 16:22:33.037"/>
</kw>
<kw name="Choose File" library="SeleniumLibrary">
<arg>xpath://input[@id='uploadFile']</arg>
<arg>C:\\Users\\Asif\\Desktop\\access.png</arg>
<doc>Inputs the ``file_path`` into the file input field ``locator``.</doc>
<msg timestamp="20221225 16:22:33.038" level="INFO">Sending C:\Users\Asif\Desktop\access.png to browser.</msg>
<status status="PASS" starttime="20221225 16:22:33.038" endtime="20221225 16:22:33.078"/>
</kw>
<kw name="Sleep" library="BuiltIn">
<arg>3</arg>
<doc>Pauses the test executed for the given time.</doc>
<msg timestamp="20221225 16:22:36.086" level="INFO">Slept 3 seconds</msg>
<status status="PASS" starttime="20221225 16:22:33.078" endtime="20221225 16:22:36.086"/>
</kw>
<kw name="Close Browser" library="SeleniumLibrary">
<doc>Closes the current browser.</doc>
<status status="PASS" starttime="20221225 16:22:36.087" endtime="20221225 16:22:38.202"/>
</kw>
<status status="PASS" starttime="20221225 16:22:25.660" endtime="20221225 16:22:38.202"/>
</test>
<status status="PASS" starttime="20221225 16:22:25.459" endtime="20221225 16:22:38.202"/>
</suite>
<statistics>
<total>
<stat pass="1" fail="0" skip="0">All Tests</stat>
</total>
<tag>
</tag>
<suite>
<stat pass="1" fail="0" skip="0" id="s1" name="TC10 upload">TC10 upload</stat>
</suite>
</statistics>
<errors>
</errors>
</robot>
